<?xml version="1.0" encoding="UTF-8"?>
<testsuite xmlns:xsi="http://www.w3.org/2001/XMLSchema-instance" xsi:noNamespaceSchemaLocation="https://maven.apache.org/surefire/maven-surefire-plugin/xsd/surefire-test-report-3.0.xsd" version="3.0" name="com.tecomerce.mic.authorizationserver.MicAuthorizationserverApplicationTests" time="13.291" tests="1" errors="0" skipped="0" failures="0">
  <properties>
[...]
</properties>
  <testcase name="contextLoads" classname="com.tecomerce.mic.authorizationserver.MicAuthorizationserverApplicationTests" time="3.894">
    <system-out><![CDATA[13:57:09.476 [main] INFO org.springframework.test.context.support.AnnotationConfigContextLoaderUtils -- Could not detect default configuration classes for test class [com.tecomerce.mic.authorizationserver.MicAuthorizationserverApplicationTests]: MicAuthorizationserverApplicationTests does not declare any static, non-private, non-final, nested classes annotated with @Configuration.
13:57:09.651 [main] INFO org.springframework.boot.test.context.SpringBootTestContextBootstrapper -- Found @SpringBootConfiguration com.tecomerce.mic.authorizationserver.MicAuthorizationserverApplication for test class com.tecomerce.mic.authorizationserver.MicAuthorizationserverApplicationTests
  .   ____          _            __ _ _
 /\\ / ___'_ __ _ _(_)_ __  __ _ \ \ \ \
( ( )\___ | '_ | '_| | '_ \/ _` | \ \ \ \
 \\/  ___)| |_)| | | | | || (_| |  ) ) ) )
  '  |____| .__|_| |_|_| |_\__, | / / / /
 =========|_|==============|___/=/_/_/_/

 :: Spring Boot ::                (v3.3.0)

2024-06-10T13:57:10.683+02:00  INFO 16100 --- [mic-authorizationserver] [           main] a.MicAuthorizationserverApplicationTests : Starting MicAuthorizationserverApplicationTests using Java 17.0.11 with PID 16100 (started by jefinol in C:\repository\mic-authorizationserver)
2024-06-10T13:57:10.685+02:00  INFO 16100 --- [mic-authorizationserver] [           main] a.MicAuthorizationserverApplicationTests : No active profile set, falling back to 1 default profile: "default"
2024-06-10T13:57:12.691+02:00  INFO 16100 --- [mic-authorizationserver] [           main] .s.d.r.c.RepositoryConfigurationDelegate : Multiple Spring Data modules found, entering strict repository configuration mode
2024-06-10T13:57:12.695+02:00  INFO 16100 --- [mic-authorizationserver] [           main] .s.d.r.c.RepositoryConfigurationDelegate : Bootstrapping Spring Data MongoDB repositories in DEFAULT mode.
2024-06-10T13:57:12.941+02:00  INFO 16100 --- [mic-authorizationserver] [           main] .s.d.r.c.RepositoryConfigurationDelegate : Finished Spring Data repository scanning in 231 ms. Found 9 MongoDB repository interfaces.
2024-06-10T13:57:14.277+02:00  INFO 16100 --- [mic-authorizationserver] [ngo_host}:40912] org.mongodb.driver.cluster               : Exception in monitor thread while connecting to server ${mongo_host}:40912

com.mongodb.MongoSocketException: Host desconocido (${mongo_host})
	at com.mongodb.internal.connection.ServerAddressHelper.getSocketAddresses(ServerAddressHelper.java:75) ~[mongodb-driver-core-5.0.1.jar:na]
	at com.mongodb.internal.connection.SocketStream.initializeSocket(SocketStream.java:101) ~[mongodb-driver-core-5.0.1.jar:na]
	at com.mongodb.internal.connection.SocketStream.open(SocketStream.java:80) ~[mongodb-driver-core-5.0.1.jar:na]
	at com.mongodb.internal.connection.InternalStreamConnection.open(InternalStreamConnection.java:201) ~[mongodb-driver-core-5.0.1.jar:na]
	at com.mongodb.internal.connection.DefaultServerMonitor$ServerMonitorRunnable.lookupServerDescription(DefaultServerMonitor.java:193) ~[mongodb-driver-core-5.0.1.jar:na]
	at com.mongodb.internal.connection.DefaultServerMonitor$ServerMonitorRunnable.run(DefaultServerMonitor.java:153) ~[mongodb-driver-core-5.0.1.jar:na]
	at java.base/java.lang.Thread.run(Thread.java:840) ~[na:na]
Caused by: java.net.UnknownHostException: Host desconocido (${mongo_host})
	at java.base/java.net.Inet6AddressImpl.lookupAllHostAddr(Native Method) ~[na:na]
	at java.base/java.net.InetAddress$PlatformNameService.lookupAllHostAddr(InetAddress.java:934) ~[na:na]
	at java.base/java.net.InetAddress.getAddressesFromNameService(InetAddress.java:1543) ~[na:na]
	at java.base/java.net.InetAddress$NameServiceAddresses.get(InetAddress.java:852) ~[na:na]
	at java.base/java.net.InetAddress.getAllByName0(InetAddress.java:1533) ~[na:na]
	at java.base/java.net.InetAddress.getAllByName(InetAddress.java:1385) ~[na:na]
	at java.base/java.net.InetAddress.getAllByName(InetAddress.java:1306) ~[na:na]
	at com.mongodb.internal.connection.DefaultInetAddressResolver.lookupByName(DefaultInetAddressResolver.java:34) ~[mongodb-driver-core-5.0.1.jar:na]
	at com.mongodb.internal.connection.ServerAddressHelper.getSocketAddresses(ServerAddressHelper.java:71) ~[mongodb-driver-core-5.0.1.jar:na]
	... 6 common frames omitted

2024-06-10T13:57:14.302+02:00  INFO 16100 --- [mic-authorizationserver] [           main] org.mongodb.driver.client                : MongoClient with metadata {"driver": {"name": "mongo-java-driver|sync|spring-boot", "version": "5.0.1"}, "os": {"type": "Windows", "name": "Windows 11", "architecture": "amd64", "version": "10.0"}, "platform": "Java/Eclipse Adoptium/17.0.11+9"} created with settings MongoClientSettings{readPreference=primary, writeConcern=WriteConcern{w=null, wTimeout=null ms, journal=null}, retryWrites=true, retryReads=true, readConcern=ReadConcern{level=null}, credential=MongoCredential{mechanism=null, userName='${MONGO_USER}', source='authorization', password=<hidden>, mechanismProperties=<hidden>}, transportSettings=null, commandListeners=[], codecRegistry=ProvidersCodecRegistry{codecProviders=[ValueCodecProvider{}, BsonValueCodecProvider{}, DBRefCodecProvider{}, DBObjectCodecProvider{}, DocumentCodecProvider{}, CollectionCodecProvider{}, IterableCodecProvider{}, MapCodecProvider{}, GeoJsonCodecProvider{}, GridFSFileCodecProvider{}, Jsr310CodecProvider{}, JsonObjectCodecProvider{}, BsonCodecProvider{}, EnumCodecProvider{}, com.mongodb.client.model.mql.ExpressionCodecProvider@580902cd, com.mongodb.Jep395RecordCodecProvider@3757e8e2, com.mongodb.KotlinCodecProvider@1653b84e]}, loggerSettings=LoggerSettings{maxDocumentLength=1000}, clusterSettings={hosts=[${mongo_host}:40912], srvServiceName=mongodb, mode=SINGLE, requiredClusterType=UNKNOWN, requiredReplicaSetName='null', serverSelector='null', clusterListeners='[]', serverSelectionTimeout='30000 ms', localThreshold='15 ms'}, socketSettings=SocketSettings{connectTimeoutMS=10000, readTimeoutMS=0, receiveBufferSize=0, proxySettings=ProxySettings{host=null, port=null, username=null, password=null}}, heartbeatSocketSettings=SocketSettings{connectTimeoutMS=10000, readTimeoutMS=10000, receiveBufferSize=0, proxySettings=ProxySettings{host=null, port=null, username=null, password=null}}, connectionPoolSettings=ConnectionPoolSettings{maxSize=100, minSize=0, maxWaitTimeMS=120000, maxConnectionLifeTimeMS=0, maxConnectionIdleTimeMS=0, maintenanceInitialDelayMS=0, maintenanceFrequencyMS=60000, connectionPoolListeners=[], maxConnecting=2}, serverSettings=ServerSettings{heartbeatFrequencyMS=10000, minHeartbeatFrequencyMS=500, serverListeners='[]', serverMonitorListeners='[]'}, sslSettings=SslSettings{enabled=false, invalidHostNameAllowed=false, context=null}, applicationName='null', compressorList=[], uuidRepresentation=JAVA_LEGACY, serverApi=null, autoEncryptionSettings=null, dnsClient=null, inetAddressResolver=null, contextProvider=null}
2024-06-10T13:57:15.804+02:00 TRACE 16100 --- [mic-authorizationserver] [           main] eGlobalAuthenticationAutowiredConfigurer : Eagerly initializing {org.springframework.boot.autoconfigure.security.servlet.SpringBootWebSecurityConfiguration$WebSecurityEnablerConfiguration=org.springframework.boot.autoconfigure.security.servlet.SpringBootWebSecurityConfiguration$WebSecurityEnablerConfiguration@6e981e78}
2024-06-10T13:57:15.821+02:00  INFO 16100 --- [mic-authorizationserver] [           main] r$InitializeUserDetailsManagerConfigurer : Global AuthenticationManager configured with UserDetailsService bean with name userDetailServiceImpl
2024-06-10T13:57:17.468+02:00  INFO 16100 --- [mic-authorizationserver] [           main] o.s.s.web.DefaultSecurityFilterChain     : Will secure org.springframework.security.oauth2.server.authorization.config.annotation.web.configurers.OAuth2AuthorizationServerConfigurer$$Lambda$1294/0x000002984a5e8670@545f0b6 with [org.springframework.security.web.session.DisableEncodeUrlFilter@3c9ef37b, org.springframework.security.web.context.request.async.WebAsyncManagerIntegrationFilter@4888425d, org.springframework.security.web.context.SecurityContextHolderFilter@7ec508e6, org.springframework.security.oauth2.server.authorization.config.annotation.web.configurers.AuthorizationServerContextFilter@35d4035f, org.springframework.security.web.header.HeaderWriterFilter@4e52d2f2, org.springframework.web.filter.CorsFilter@3c8758d1, org.springframework.security.web.csrf.CsrfFilter@299eca90, org.springframework.security.oauth2.server.authorization.oidc.web.OidcLogoutEndpointFilter@3cb49121, org.springframework.security.web.authentication.logout.LogoutFilter@6dbb3d7d, org.springframework.security.oauth2.server.authorization.web.OAuth2AuthorizationServerMetadataEndpointFilter@451af781, org.springframework.security.oauth2.server.authorization.web.OAuth2AuthorizationEndpointFilter@1dc9f5ad, org.springframework.security.oauth2.server.authorization.web.OAuth2DeviceVerificationEndpointFilter@351e86b2, org.springframework.security.oauth2.server.authorization.oidc.web.OidcProviderConfigurationEndpointFilter@5c2a3f0c, org.springframework.security.oauth2.server.authorization.web.NimbusJwkSetEndpointFilter@33fec21, org.springframework.security.oauth2.server.authorization.web.OAuth2ClientAuthenticationFilter@586486c, org.springframework.security.oauth2.server.resource.web.authentication.BearerTokenAuthenticationFilter@5e055ce1, org.springframework.security.web.savedrequest.RequestCacheAwareFilter@30e2016a, org.springframework.security.web.servletapi.SecurityContextHolderAwareRequestFilter@7f70e244, org.springframework.security.web.authentication.AnonymousAuthenticationFilter@166ddfb7, org.springframework.security.web.access.ExceptionTranslationFilter@430aae8e, org.springframework.security.web.access.intercept.AuthorizationFilter@29c80149, org.springframework.security.oauth2.server.authorization.web.OAuth2TokenEndpointFilter@1d8dbf10, org.springframework.security.oauth2.server.authorization.web.OAuth2TokenIntrospectionEndpointFilter@6f428e6e, org.springframework.security.oauth2.server.authorization.web.OAuth2TokenRevocationEndpointFilter@1f3f434, org.springframework.security.oauth2.server.authorization.web.OAuth2DeviceAuthorizationEndpointFilter@33f2eb04, org.springframework.security.oauth2.server.authorization.oidc.web.OidcUserInfoEndpointFilter@2270f58d]
2024-06-10T13:57:17.484+02:00  INFO 16100 --- [mic-authorizationserver] [           main] o.s.s.web.DefaultSecurityFilterChain     : Will secure any request with [org.springframework.security.web.session.DisableEncodeUrlFilter@2759749, org.springframework.security.web.context.request.async.WebAsyncManagerIntegrationFilter@4efed0e0, org.springframework.security.web.context.SecurityContextHolderFilter@278cb145, org.springframework.security.web.header.HeaderWriterFilter@b81938d, org.springframework.web.filter.CorsFilter@4ac0ed65, org.springframework.security.web.authentication.logout.LogoutFilter@5dba3fdc, org.springframework.security.web.authentication.UsernamePasswordAuthenticationFilter@6d842877, org.springframework.security.web.authentication.ui.DefaultLoginPageGeneratingFilter@32069394, org.springframework.security.web.authentication.ui.DefaultLogoutPageGeneratingFilter@5c7c75fb, org.springframework.security.web.savedrequest.RequestCacheAwareFilter@2aa0feb2, org.springframework.security.web.servletapi.SecurityContextHolderAwareRequestFilter@351c6341, org.springframework.security.web.authentication.AnonymousAuthenticationFilter@729d6ee2, org.springframework.security.web.access.ExceptionTranslationFilter@65ff4b8c, org.springframework.security.web.access.intercept.AuthorizationFilter@df6f19b]
2024-06-10T13:57:18.519+02:00  INFO 16100 --- [mic-authorizationserver] [           main] a.MicAuthorizationserverApplicationTests : Started MicAuthorizationserverApplicationTests in 8.512 seconds (process running for 10.355)
]]></system-out>
  </testcase>
</testsuite>