<?xml version="1.0" encoding="UTF-8"?>
<testsuite xmlns:xsi="http://www.w3.org/2001/XMLSchema-instance" xsi:noNamespaceSchemaLocation="https://maven.apache.org/surefire/maven-surefire-plugin/xsd/surefire-test-report-3.0.xsd" version="3.0" name="com.tecomerce.mic.authorizationserver.MicAuthorizationserverApplicationTests" time="25.191" tests="1" errors="0" skipped="0" failures="0">
  <properties>
[...]
</properties>
  <testcase name="contextLoads" classname="com.tecomerce.mic.authorizationserver.MicAuthorizationserverApplicationTests" time="1.198">
    <system-out><![CDATA[10:40:27.234 [main] INFO org.springframework.test.context.support.AnnotationConfigContextLoaderUtils -- Could not detect default configuration classes for test class [com.tecomerce.mic.authorizationserver.MicAuthorizationserverApplicationTests]: MicAuthorizationserverApplicationTests does not declare any static, non-private, non-final, nested classes annotated with @Configuration.
10:40:27.419 [main] INFO org.springframework.boot.test.context.SpringBootTestContextBootstrapper -- Found @SpringBootConfiguration com.tecomerce.mic.authorizationserver.MicAuthorizationserverApplication for test class com.tecomerce.mic.authorizationserver.MicAuthorizationserverApplicationTests
  .   ____          _            __ _ _
 /\\ / ___'_ __ _ _(_)_ __  __ _ \ \ \ \
( ( )\___ | '_ | '_| | '_ \/ _` | \ \ \ \
 \\/  ___)| |_)| | | | | || (_| |  ) ) ) )
  '  |____| .__|_| |_|_| |_\__, | / / / /
 =========|_|==============|___/=/_/_/_/

 :: Spring Boot ::                (v3.3.0)

2024-06-14T10:40:28.398+02:00  INFO 24572 --- [mic-authorizationserver] [           main] a.MicAuthorizationserverApplicationTests : Starting MicAuthorizationserverApplicationTests using Java 17.0.11 with PID 24572 (started by jefinol in C:\dev\mic-authorizationserver)
2024-06-14T10:40:28.402+02:00  INFO 24572 --- [mic-authorizationserver] [           main] a.MicAuthorizationserverApplicationTests : No active profile set, falling back to 1 default profile: "default"
2024-06-14T10:40:30.642+02:00  INFO 24572 --- [mic-authorizationserver] [           main] .s.d.r.c.RepositoryConfigurationDelegate : Bootstrapping Spring Data JPA repositories in DEFAULT mode.
2024-06-14T10:40:30.881+02:00  INFO 24572 --- [mic-authorizationserver] [           main] .s.d.r.c.RepositoryConfigurationDelegate : Finished Spring Data repository scanning in 223 ms. Found 7 JPA repository interfaces.
2024-06-14T10:40:31.937+02:00  INFO 24572 --- [mic-authorizationserver] [           main] o.hibernate.jpa.internal.util.LogHelper  : HHH000204: Processing PersistenceUnitInfo [name: default]
2024-06-14T10:40:32.111+02:00  INFO 24572 --- [mic-authorizationserver] [           main] org.hibernate.Version                    : HHH000412: Hibernate ORM core version 6.5.2.Final
2024-06-14T10:40:32.289+02:00  INFO 24572 --- [mic-authorizationserver] [           main] o.h.c.internal.RegionFactoryInitiator    : HHH000026: Second-level cache disabled
2024-06-14T10:40:33.115+02:00  INFO 24572 --- [mic-authorizationserver] [           main] o.s.o.j.p.SpringPersistenceUnitInfo      : No LoadTimeWeaver setup: ignoring JPA class transformer
2024-06-14T10:40:33.184+02:00  INFO 24572 --- [mic-authorizationserver] [           main] com.zaxxer.hikari.HikariDataSource       : HikariPool-1 - Starting...
2024-06-14T10:40:35.821+02:00  INFO 24572 --- [mic-authorizationserver] [           main] com.zaxxer.hikari.pool.HikariPool        : HikariPool-1 - Added connection org.postgresql.jdbc.PgConnection@62794582
2024-06-14T10:40:35.824+02:00  INFO 24572 --- [mic-authorizationserver] [           main] com.zaxxer.hikari.HikariDataSource       : HikariPool-1 - Start completed.
2024-06-14T10:40:36.111+02:00  WARN 24572 --- [mic-authorizationserver] [           main] org.hibernate.orm.deprecation            : HHH90000025: PostgreSQLDialect does not need to be specified explicitly using 'hibernate.dialect' (remove the property setting and it will be selected by default)
2024-06-14T10:40:36.550+02:00 DEBUG 24572 --- [mic-authorizationserver] [           main] o.h.t.d.sql.spi.DdlTypeRegistry          : addDescriptor(2003, org.hibernate.type.descriptor.sql.internal.ArrayDdlTypeImpl@5b64f771) replaced previous registration(org.hibernate.type.descriptor.sql.internal.ArrayDdlTypeImpl@153c6603)
2024-06-14T10:40:36.550+02:00 DEBUG 24572 --- [mic-authorizationserver] [           main] o.h.t.d.sql.spi.DdlTypeRegistry          : addDescriptor(6, org.hibernate.type.descriptor.sql.internal.CapacityDependentDdlType@24e2355c) replaced previous registration(org.hibernate.type.descriptor.sql.internal.DdlTypeImpl@19739906)
2024-06-14T10:40:38.486+02:00  INFO 24572 --- [mic-authorizationserver] [           main] o.h.e.t.j.p.i.JtaPlatformInitiator       : HHH000489: No JTA platform available (set 'hibernate.transaction.jta.platform' to enable JTA platform integration)
Hibernate: create table authentication_methods (id varchar(255) not null, description varchar(255), value varchar(255), primary key (id))
Hibernate: create table authentication_methods_clients (authentication_methods_id varchar(255) not null, clients_id varchar(255) not null)
Hibernate: create table authorization_grant_types (id varchar(255) not null, description varchar(255), value varchar(255), primary key (id))
Hibernate: create table authorization_grant_types_clients (authorization_grant_types_id varchar(255) not null, clients_id varchar(255) not null)
Hibernate: create table client_authentication_methods (client_id varchar(255) not null, authentication_id varchar(255) not null)
Hibernate: create table client_authorization_grant_types (client_id varchar(255) not null, authorization_id varchar(255) not null)
Hibernate: create table client_redirect_uris (client_id varchar(255) not null, redirecturi_id varchar(255) not null)
Hibernate: create table client_scopes (client_id varchar(255) not null, scopes_id varchar(255) not null)
Hibernate: create table clients (id varchar(255) not null, client_id varchar(255), client_secret varchar(255), primary key (id))
Hibernate: create table redirect_uris (id varchar(255) not null, description varchar(255), uri varchar(255), primary key (id))
Hibernate: create table redirect_uris_clients (redirect_uris_id varchar(255) not null, clients_id varchar(255) not null)
Hibernate: create table roles (id varchar(255) not null, role_name varchar(255), primary key (id))
Hibernate: create table roles_users (roles_id varchar(255) not null, users_id varchar(255) not null)
Hibernate: create table scopes (id varchar(255) not null, description varchar(255), name varchar(255), primary key (id))
Hibernate: create table scopes_clients (scopes_id varchar(255) not null, clients_id varchar(255) not null)
Hibernate: create table user_roles (user_id varchar(255) not null, role_id varchar(255) not null)
Hibernate: create table users (id varchar(255) not null, credentials_expired boolean not null, disabled boolean not null, expired boolean not null, locked boolean not null, password varchar(255), username varchar(255), primary key (id))
Hibernate: alter table if exists authentication_methods_clients add constraint FK6v6jqgqqx5tm07lpw63ijlxjt foreign key (clients_id) references clients
Hibernate: alter table if exists authentication_methods_clients add constraint FK4bffj2an8bqgg0xjqoegfmw7q foreign key (authentication_methods_id) references authentication_methods
Hibernate: alter table if exists authorization_grant_types_clients add constraint FKnseongd7b5xhbl730nu77mxoy foreign key (clients_id) references clients
Hibernate: alter table if exists authorization_grant_types_clients add constraint FKgmc9le1clavu6mx5pwokdfjt8 foreign key (authorization_grant_types_id) references authorization_grant_types
Hibernate: alter table if exists client_authentication_methods add constraint FK23wgqpkhsureckjwpt7sm1g93 foreign key (authentication_id) references authentication_methods
Hibernate: alter table if exists client_authentication_methods add constraint FK5wubst9l8tryd1gom02854g1n foreign key (client_id) references clients
Hibernate: alter table if exists client_authorization_grant_types add constraint FK84700p0g55xl8260psf6dqy02 foreign key (authorization_id) references authorization_grant_types
Hibernate: alter table if exists client_authorization_grant_types add constraint FK515ilqkv6kw0m3muo9m8qr3ck foreign key (client_id) references clients
Hibernate: alter table if exists client_redirect_uris add constraint FKdpei2rrnqeygt1gypjmi09uuk foreign key (redirecturi_id) references redirect_uris
Hibernate: alter table if exists client_redirect_uris add constraint FKcw186rt6r4drlekpenrlqdnl5 foreign key (client_id) references clients
Hibernate: alter table if exists client_scopes add constraint FKffv5yeg9p2p6jiy0ymh8273wd foreign key (scopes_id) references scopes
Hibernate: alter table if exists client_scopes add constraint FKcw89a5cgrfemkmaal20fsrg3q foreign key (client_id) references clients
Hibernate: alter table if exists redirect_uris_clients add constraint FK788bbxnr80uqa6hq0gwa5i6vr foreign key (clients_id) references clients
Hibernate: alter table if exists redirect_uris_clients add constraint FK3298rsvcrsxftd4ub0u6r8lj4 foreign key (redirect_uris_id) references redirect_uris
Hibernate: alter table if exists roles_users add constraint FK4glr8k8swy5nti6n5x35ofucj foreign key (users_id) references users
Hibernate: alter table if exists roles_users add constraint FK2mck5s7km22t2on8h2jpn44xq foreign key (roles_id) references roles
Hibernate: alter table if exists scopes_clients add constraint FKs131fspqjurrlyfjmdglobn6s foreign key (clients_id) references clients
Hibernate: alter table if exists scopes_clients add constraint FKtfthnpbnjwf945iomf2dxkatt foreign key (scopes_id) references scopes
Hibernate: alter table if exists user_roles add constraint FKh8ciramu9cc9q3qcqiv4ue8a6 foreign key (role_id) references roles
Hibernate: alter table if exists user_roles add constraint FKhfh9dx7w3ubf1co1vdev94g3f foreign key (user_id) references users
2024-06-14T10:40:46.981+02:00  INFO 24572 --- [mic-authorizationserver] [           main] j.LocalContainerEntityManagerFactoryBean : Initialized JPA EntityManagerFactory for persistence unit 'default'
2024-06-14T10:40:48.232+02:00  WARN 24572 --- [mic-authorizationserver] [           main] JpaBaseConfiguration$JpaWebConfiguration : spring.jpa.open-in-view is enabled by default. Therefore, database queries may be performed during view rendering. Explicitly configure spring.jpa.open-in-view to disable this warning
2024-06-14T10:40:48.286+02:00  INFO 24572 --- [mic-authorizationserver] [           main] r$InitializeUserDetailsManagerConfigurer : Global AuthenticationManager configured with UserDetailsService bean with name userUseCaseImpl
2024-06-14T10:40:50.140+02:00  INFO 24572 --- [mic-authorizationserver] [           main] o.s.s.web.DefaultSecurityFilterChain     : Will secure org.springframework.security.oauth2.server.authorization.config.annotation.web.configurers.OAuth2AuthorizationServerConfigurer$$Lambda$1620/0x00000212419c5e38@53741683 with [org.springframework.security.web.session.DisableEncodeUrlFilter@36134f3, org.springframework.security.web.context.request.async.WebAsyncManagerIntegrationFilter@52b7a3e1, org.springframework.security.web.context.SecurityContextHolderFilter@200cbb63, org.springframework.security.oauth2.server.authorization.config.annotation.web.configurers.AuthorizationServerContextFilter@6fb514db, org.springframework.security.web.header.HeaderWriterFilter@378456cb, org.springframework.web.filter.CorsFilter@53cdfb09, org.springframework.security.web.csrf.CsrfFilter@42d4de20, org.springframework.security.oauth2.server.authorization.oidc.web.OidcLogoutEndpointFilter@19740583, org.springframework.security.web.authentication.logout.LogoutFilter@6c4f48e2, org.springframework.security.oauth2.server.authorization.web.OAuth2AuthorizationServerMetadataEndpointFilter@1a920154, org.springframework.security.oauth2.server.authorization.web.OAuth2AuthorizationEndpointFilter@2b6d9650, org.springframework.security.oauth2.server.authorization.web.OAuth2DeviceVerificationEndpointFilter@3d3e9163, org.springframework.security.oauth2.server.authorization.oidc.web.OidcProviderConfigurationEndpointFilter@47897093, org.springframework.security.oauth2.server.authorization.web.NimbusJwkSetEndpointFilter@16575bfe, org.springframework.security.oauth2.server.authorization.web.OAuth2ClientAuthenticationFilter@14b4caba, org.springframework.security.oauth2.server.resource.web.authentication.BearerTokenAuthenticationFilter@528070fe, org.springframework.security.web.savedrequest.RequestCacheAwareFilter@7a7698f4, org.springframework.security.web.servletapi.SecurityContextHolderAwareRequestFilter@172f2717, org.springframework.security.web.authentication.AnonymousAuthenticationFilter@207e3ffd, org.springframework.security.web.access.ExceptionTranslationFilter@40a360e6, org.springframework.security.web.access.intercept.AuthorizationFilter@5c519da4, org.springframework.security.oauth2.server.authorization.web.OAuth2TokenEndpointFilter@2ff4d61b, org.springframework.security.oauth2.server.authorization.web.OAuth2TokenIntrospectionEndpointFilter@58f05266, org.springframework.security.oauth2.server.authorization.web.OAuth2TokenRevocationEndpointFilter@37f687c1, org.springframework.security.oauth2.server.authorization.web.OAuth2DeviceAuthorizationEndpointFilter@29422e61, org.springframework.security.oauth2.server.authorization.oidc.web.OidcUserInfoEndpointFilter@58338338]
2024-06-14T10:40:50.167+02:00  INFO 24572 --- [mic-authorizationserver] [           main] o.s.s.web.DefaultSecurityFilterChain     : Will secure any request with [org.springframework.security.web.session.DisableEncodeUrlFilter@54aacbc7, org.springframework.security.web.context.request.async.WebAsyncManagerIntegrationFilter@198d55de, org.springframework.security.web.context.SecurityContextHolderFilter@45bde54d, org.springframework.security.web.header.HeaderWriterFilter@4bda93f1, org.springframework.web.filter.CorsFilter@3fe70a2d, org.springframework.security.web.authentication.logout.LogoutFilter@94ba90a, org.springframework.security.web.authentication.UsernamePasswordAuthenticationFilter@261d7ee2, org.springframework.security.web.authentication.ui.DefaultLoginPageGeneratingFilter@d45acab, org.springframework.security.web.authentication.ui.DefaultLogoutPageGeneratingFilter@79f6b43a, org.springframework.security.web.savedrequest.RequestCacheAwareFilter@ae49f31, org.springframework.security.web.servletapi.SecurityContextHolderAwareRequestFilter@121fe002, org.springframework.security.web.authentication.AnonymousAuthenticationFilter@7b80ac30, org.springframework.security.web.access.ExceptionTranslationFilter@5c088d72, org.springframework.security.web.access.intercept.AuthorizationFilter@44b99f09]
2024-06-14T10:40:50.895+02:00  INFO 24572 --- [mic-authorizationserver] [           main] a.MicAuthorizationserverApplicationTests : Started MicAuthorizationserverApplicationTests in 23.067 seconds (process running for 25.027)
]]></system-out>
  </testcase>
</testsuite>